<?xml version="1.0" encoding="UTF-8"?>
<!-- Generated by org.testng.reporters.JUnitReportReporter -->
<testsuite hostname="AlthafShaik" failures="0" tests="1" name="LoginpageTest.AccountpageTest" time="3.582" errors="0" timestamp="2023-11-28T22:08:40 IST" skipped="0">
  <testcase classname="LoginpageTest.AccountpageTest" name="UI_element_webpage" time="3.582"/>
  <system-out/>
</testsuite> <!-- LoginpageTest.AccountpageTest -->
