<?xml version="1.0" encoding="UTF-8"?>
<!-- Generated by org.testng.reporters.JUnitReportReporter -->
<testsuite hostname="AlthafShaik" failures="0" tests="1" name="LoginpageTest.SearchmoviepageTest" time="4.064" errors="0" timestamp="2023-11-28T20:06:03 IST" skipped="0">
  <testcase classname="LoginpageTest.SearchmoviepageTest" name="searchin_movies" time="4.064"/>
  <system-out/>
</testsuite> <!-- LoginpageTest.SearchmoviepageTest -->
